<?xml version="1.0" encoding="UTF-8"?>
<testsuite name="moneytracker.com.IncomeTest" tests="6" skipped="0" failures="0" errors="0" timestamp="2020-10-23T12:38:35" hostname="SDA-23-mbpro" time="0.009">
  <properties/>
  <testcase name="getIncomeType()" classname="moneytracker.com.IncomeTest" time="0.0"/>
  <testcase name="setIncomeType()" classname="moneytracker.com.IncomeTest" time="0.0"/>
  <testcase name="getDate()" classname="moneytracker.com.IncomeTest" time="0.0"/>
  <testcase name="setAmount()" classname="moneytracker.com.IncomeTest" time="0.0"/>
  <testcase name="getAmount()" classname="moneytracker.com.IncomeTest" time="0.0"/>
  <testcase name="setDate()" classname="moneytracker.com.IncomeTest" time="0.0"/>
  <system-out><![CDATA[]]></system-out>
  <system-err><![CDATA[]]></system-err>
</testsuite>
