<?xml version="1.0" encoding="UTF-8"?>
<testsuite name="moneytracker.com.ReportServiceTest" tests="6" skipped="0" failures="0" errors="0" timestamp="2020-10-23T12:38:35" hostname="SDA-23-mbpro" time="0.008">
  <properties/>
  <testcase name="calculateMonthlyIncome()" classname="moneytracker.com.ReportServiceTest" time="0.001"/>
  <testcase name="calculateCategoryIncome()" classname="moneytracker.com.ReportServiceTest" time="0.001"/>
  <testcase name="calculateMonthlyExpense()" classname="moneytracker.com.ReportServiceTest" time="0.001"/>
  <testcase name="calculateCategoryExpense()" classname="moneytracker.com.ReportServiceTest" time="0.001"/>
  <testcase name="calculateYearlyExpense()" classname="moneytracker.com.ReportServiceTest" time="0.0"/>
  <testcase name="calculateYearlyIncome()" classname="moneytracker.com.ReportServiceTest" time="0.0"/>
  <system-out><![CDATA[]]></system-out>
  <system-err><![CDATA[]]></system-err>
</testsuite>
