<?xml version="1.0" encoding="UTF-8"?>
<testsuite name="moneytracker.com.TrackManageTest" tests="1" skipped="0" failures="0" errors="0" timestamp="2020-10-23T12:38:34" hostname="SDA-23-mbpro" time="0.002">
  <properties/>
  <testcase name="showMenu()" classname="moneytracker.com.TrackManageTest" time="0.002"/>
  <system-out><![CDATA[]]></system-out>
  <system-err><![CDATA[]]></system-err>
</testsuite>
