<?xml version="1.0" encoding="UTF-8"?>
<testsuite name="moneytracker.com.ReportServiceTest" tests="8" skipped="0" failures="0" errors="0" timestamp="2020-10-23T15:16:23" hostname="SDA-23-mbpro" time="0.019">
  <properties/>
  <testcase name="calculateMonthlyIncome()" classname="moneytracker.com.ReportServiceTest" time="0.007"/>
  <testcase name="getIncomes()" classname="moneytracker.com.ReportServiceTest" time="0.002"/>
  <testcase name="calculateCategoryIncome()" classname="moneytracker.com.ReportServiceTest" time="0.0"/>
  <testcase name="calculateMonthlyExpense()" classname="moneytracker.com.ReportServiceTest" time="0.001"/>
  <testcase name="getExpenses()" classname="moneytracker.com.ReportServiceTest" time="0.0"/>
  <testcase name="calculateCategoryExpense()" classname="moneytracker.com.ReportServiceTest" time="0.001"/>
  <testcase name="calculateYearlyExpense()" classname="moneytracker.com.ReportServiceTest" time="0.001"/>
  <testcase name="calculateYearlyIncome()" classname="moneytracker.com.ReportServiceTest" time="0.002"/>
  <system-out><![CDATA[]]></system-out>
  <system-err><![CDATA[]]></system-err>
</testsuite>
